<?xml version="1.0" encoding="UTF-8"?>
<!-- Generated by org.testng.reporters.JUnitReportReporter -->
<testsuite hostname="LAPTOP-2DHTLVVT" failures="0" tests="1" name="sample.Democlass" time="0.019" errors="0" timestamp="2024-04-22T11:14:03 IST" skipped="0">
  <testcase classname="sample.Democlass" name="test1" time="0.019"/>
  <system-out/>
</testsuite> <!-- sample.Democlass -->
